2026-01-27 01:06:10,520 - INFO - ============================================================
2026-01-27 01:06:10,520 - INFO - Security Scanner Worker Started
2026-01-27 01:06:10,520 - INFO - Scripts Directory: scripts
2026-01-27 01:06:10,520 - INFO - Reports Directory: reports
2026-01-27 01:06:10,521 - INFO - Target: localhost
2026-01-27 01:06:10,521 - INFO - Mode: Single Run
2026-01-27 01:06:10,521 - INFO - ============================================================
2026-01-27 01:06:10,522 - INFO - Found 34 script(s) to execute
2026-01-27 01:06:10,522 - INFO - Executing: arpscan_scan.sh against target: localhost
2026-01-27 01:06:10,527 - WARNING - ⚠ Script arpscan_scan.sh exited with code 1
2026-01-27 01:06:10,527 - INFO - Executing: crackmapexec_scan.sh against target: localhost
2026-01-27 01:06:12,676 - INFO - ✓ Completed: crackmapexec_scan.sh - Report saved to reports/crackmapexec_scan_20260127_010610.txt
2026-01-27 01:06:12,677 - INFO - Executing: cutycapt_scan.sh against target: localhost
2026-01-27 01:06:13,973 - INFO - ✓ Completed: cutycapt_scan.sh - Report saved to reports/cutycapt_scan_20260127_010612.txt
2026-01-27 01:06:13,973 - INFO - Executing: dirb_scan.sh against target: localhost
2026-01-27 01:06:14,114 - INFO - ✓ Completed: dirb_scan.sh - Report saved to reports/dirb_scan_20260127_010613.txt
2026-01-27 01:06:14,114 - INFO - Executing: dnsenum_scan.sh against target: localhost
2026-01-27 01:07:29,243 - INFO - ✓ Completed: dnsenum_scan.sh - Report saved to reports/dnsenum_scan_20260127_010614.txt
2026-01-27 01:07:29,243 - INFO - Executing: dnsrecon_scan.sh against target: localhost
2026-01-27 01:08:08,284 - INFO - ✓ Completed: dnsrecon_scan.sh - Report saved to reports/dnsrecon_scan_20260127_010729.txt
2026-01-27 01:08:08,284 - INFO - Executing: enum4linux_scan.sh against target: localhost
2026-01-27 01:08:28,641 - INFO - ✓ Completed: enum4linux_scan.sh - Report saved to reports/enum4linux_scan_20260127_010808.txt
2026-01-27 01:08:28,641 - INFO - Executing: eyewitness_scan.sh against target: localhost
2026-01-27 01:08:28,648 - WARNING - ⚠ Script eyewitness_scan.sh exited with code 1
2026-01-27 01:08:28,649 - INFO - Executing: fierce_scan.sh against target: localhost
2026-01-27 01:12:09,987 - INFO - ✓ Completed: fierce_scan.sh - Report saved to reports/fierce_scan_20260127_010828.txt
2026-01-27 01:12:09,987 - INFO - Executing: fping_scan.sh against target: localhost
2026-01-27 01:12:09,995 - INFO - ✓ Completed: fping_scan.sh - Report saved to reports/fping_scan_20260127_011209.txt
2026-01-27 01:12:09,995 - INFO - Executing: gobuster_scan.sh against target: localhost
2026-01-27 01:12:10,049 - INFO - ✓ Completed: gobuster_scan.sh - Report saved to reports/gobuster_scan_20260127_011209.txt
2026-01-27 01:12:10,049 - INFO - Executing: host_scan.sh against target: localhost
2026-01-27 01:12:10,122 - INFO - ✓ Completed: host_scan.sh - Report saved to reports/host_scan_20260127_011210.txt
2026-01-27 01:12:10,122 - INFO - Executing: hping3_scan.sh against target: localhost
2026-01-27 01:12:10,126 - WARNING - ⚠ Script hping3_scan.sh exited with code 1
2026-01-27 01:12:10,126 - INFO - Executing: hydra_scan.sh against target: localhost
2026-01-27 01:12:10,131 - INFO - ✓ Completed: hydra_scan.sh - Report saved to reports/hydra_scan_20260127_011210.txt
2026-01-27 01:12:10,131 - INFO - Executing: lynis_audit.sh against target: localhost
2026-01-27 01:12:10,137 - WARNING - ⚠ Script lynis_audit.sh exited with code 1
2026-01-27 01:12:10,137 - INFO - Executing: masscan_scan.sh against target: localhost
2026-01-27 01:12:10,141 - WARNING - ⚠ Script masscan_scan.sh exited with code 1
2026-01-27 01:12:10,141 - INFO - Executing: medusa_scan.sh against target: localhost
2026-01-27 01:12:10,271 - INFO - ✓ Completed: medusa_scan.sh - Report saved to reports/medusa_scan_20260127_011210.txt
2026-01-27 01:12:10,271 - INFO - Executing: ncrack_scan.sh against target: localhost
2026-01-27 01:12:10,277 - INFO - ✓ Completed: ncrack_scan.sh - Report saved to reports/ncrack_scan_20260127_011210.txt
2026-01-27 01:12:10,277 - INFO - Executing: netdiscover_scan.sh against target: localhost
2026-01-27 01:12:10,282 - WARNING - ⚠ Script netdiscover_scan.sh exited with code 1
2026-01-27 01:12:10,283 - INFO - Executing: nikto_scan.sh against target: localhost
2026-01-27 01:12:10,753 - INFO - ✓ Completed: nikto_scan.sh - Report saved to reports/nikto_scan_20260127_011210.txt
2026-01-27 01:12:10,753 - INFO - Executing: nmap_scan.sh against target: localhost
2026-01-27 01:12:18,839 - INFO - ✓ Completed: nmap_scan.sh - Report saved to reports/nmap_scan_20260127_011210.txt
2026-01-27 01:12:18,840 - INFO - Executing: onesixtyone_scan.sh against target: localhost
2026-01-27 01:12:18,855 - INFO - ✓ Completed: onesixtyone_scan.sh - Report saved to reports/onesixtyone_scan_20260127_011218.txt
2026-01-27 01:12:18,856 - INFO - Executing: searchsploit_scan.sh against target: localhost
2026-01-27 01:12:19,077 - INFO - ✓ Completed: searchsploit_scan.sh - Report saved to reports/searchsploit_scan_20260127_011218.txt
2026-01-27 01:12:19,077 - INFO - Executing: smbclient_scan.sh against target: localhost
2026-01-27 01:12:19,148 - INFO - ✓ Completed: smbclient_scan.sh - Report saved to reports/smbclient_scan_20260127_011219.txt
2026-01-27 01:12:19,148 - INFO - Executing: smbmap_scan.sh against target: localhost
2026-01-27 01:12:20,050 - INFO - ✓ Completed: smbmap_scan.sh - Report saved to reports/smbmap_scan_20260127_011219.txt
2026-01-27 01:12:20,050 - INFO - Executing: snmpwalk_scan.sh against target: localhost
2026-01-27 01:12:26,094 - INFO - ✓ Completed: snmpwalk_scan.sh - Report saved to reports/snmpwalk_scan_20260127_011220.txt
2026-01-27 01:12:26,094 - INFO - Executing: sqlmap_scan.sh against target: localhost
2026-01-27 01:12:28,383 - INFO - ✓ Completed: sqlmap_scan.sh - Report saved to reports/sqlmap_scan_20260127_011226.txt
2026-01-27 01:12:28,383 - INFO - Executing: sslscan_check.sh against target: localhost
2026-01-27 01:12:28,401 - INFO - ✓ Completed: sslscan_check.sh - Report saved to reports/sslscan_check_20260127_011228.txt
2026-01-27 01:12:28,401 - INFO - Executing: sslyze_scan.sh against target: localhost
2026-01-27 01:12:29,822 - INFO - ✓ Completed: sslyze_scan.sh - Report saved to reports/sslyze_scan_20260127_011228.txt
2026-01-27 01:12:29,822 - INFO - Executing: wafw00f_scan.sh against target: localhost
2026-01-27 01:12:30,513 - INFO - ✓ Completed: wafw00f_scan.sh - Report saved to reports/wafw00f_scan_20260127_011229.txt
2026-01-27 01:12:30,513 - INFO - Executing: wfuzz_scan.sh against target: localhost
2026-01-27 02:12:30,613 - ERROR - ✗ Timeout: wfuzz_scan.sh exceeded 1 hour limit
2026-01-27 02:12:30,613 - INFO - Executing: whatweb_scan.sh against target: localhost
2026-01-27 02:12:32,952 - INFO - ✓ Completed: whatweb_scan.sh - Report saved to reports/whatweb_scan_20260127_021230.txt
2026-01-27 02:12:32,952 - INFO - Executing: wpscan_scan.sh against target: localhost
2026-01-27 02:12:39,936 - INFO - ✓ Completed: wpscan_scan.sh - Report saved to reports/wpscan_scan_20260127_021232.txt
2026-01-27 02:12:39,936 - INFO - Executing: xsser_scan.sh against target: localhost
2026-01-27 02:12:39,941 - WARNING - ⚠ Script xsser_scan.sh exited with code 1
2026-01-27 02:12:39,941 - INFO - Worker finished
