2026-01-27 00:22:53,505 - INFO - ============================================================
2026-01-27 00:22:53,505 - INFO - Security Scanner Worker Started
2026-01-27 00:22:53,505 - INFO - Scripts Directory: scripts
2026-01-27 00:22:53,505 - INFO - Reports Directory: reports
2026-01-27 00:22:53,505 - INFO - Target: localhost
2026-01-27 00:22:53,505 - INFO - Mode: Single Run
2026-01-27 00:22:53,506 - INFO - DRY-RUN MODE - No scripts will be executed
2026-01-27 00:22:53,506 - INFO - ============================================================
2026-01-27 00:22:53,506 - INFO - Found 7 script(s) to execute
2026-01-27 00:22:53,506 - INFO - [DRY-RUN] Executing: dnsrecon_scan.sh against target: localhost
2026-01-27 00:22:53,507 - INFO - [DRY-RUN] Would save output to: reports/dnsrecon_scan_20260127_002253.txt
2026-01-27 00:22:53,507 - INFO - [DRY-RUN] Executing: enum4linux_scan.sh against target: localhost
2026-01-27 00:22:53,507 - INFO - [DRY-RUN] Would save output to: reports/enum4linux_scan_20260127_002253.txt
2026-01-27 00:22:53,508 - INFO - [DRY-RUN] Executing: lynis_audit.sh against target: localhost
2026-01-27 00:22:53,508 - INFO - [DRY-RUN] Would save output to: reports/lynis_audit_20260127_002253.txt
2026-01-27 00:22:53,508 - INFO - [DRY-RUN] Executing: nikto_scan.sh against target: localhost
2026-01-27 00:22:53,509 - INFO - [DRY-RUN] Would save output to: reports/nikto_scan_20260127_002253.txt
2026-01-27 00:22:53,509 - INFO - [DRY-RUN] Executing: nmap_scan.sh against target: localhost
2026-01-27 00:22:53,509 - INFO - [DRY-RUN] Would save output to: reports/nmap_scan_20260127_002253.txt
2026-01-27 00:22:53,509 - INFO - [DRY-RUN] Executing: sslscan_check.sh against target: localhost
2026-01-27 00:22:53,510 - INFO - [DRY-RUN] Would save output to: reports/sslscan_check_20260127_002253.txt
2026-01-27 00:22:53,510 - INFO - [DRY-RUN] Executing: whatweb_scan.sh against target: localhost
2026-01-27 00:22:53,510 - INFO - [DRY-RUN] Would save output to: reports/whatweb_scan_20260127_002253.txt
2026-01-27 00:22:53,510 - INFO - Worker finished
